\BOOKMARK [0][-]{chapter.1}{\376\377\000I\000n\000t\000r\000o\000d\000u\000c\000t\000i\000o\000n}{}% 1
\BOOKMARK [1][-]{section.1.1}{\376\377\000I\000m\000p\000l\000i\000c\000i\000t\000\040\000D\000e\000e\000p\000\040\000L\000e\000a\000r\000n\000i\000n\000g}{chapter.1}% 2
\BOOKMARK [1][-]{section.1.2}{\376\377\000L\000o\000s\000s\000\040\000F\000u\000n\000c\000t\000i\000o\000n\000s}{chapter.1}% 3
\BOOKMARK [1][-]{section.1.3}{\376\377\000D\000e\000s\000c\000r\000i\000p\000t\000i\000o\000n\000\040\000o\000f\000\040\000t\000h\000e\000\040\000l\000e\000a\000r\000n\000i\000n\000g\000\040\000p\000r\000o\000c\000e\000s\000s}{chapter.1}% 4
\BOOKMARK [1][-]{section.1.4}{\376\377\000D\000e\000s\000c\000r\000i\000p\000t\000i\000o\000n\000\040\000o\000f\000\040\000t\000h\000e\000\040\000p\000r\000e\000d\000i\000c\000t\000i\000o\000n\000\040\000p\000r\000o\000c\000e\000s\000s}{chapter.1}% 5
\BOOKMARK [1][-]{section.1.5}{\376\377\000S\000e\000t\000u\000p}{chapter.1}% 6
\BOOKMARK [0][-]{chapter.2}{\376\377\000F\000o\000r\000m\000u\000l\000a\000t\000i\000o\000n\000\040\000f\000o\000r\000\040\000I\000D\000L}{}% 7
\BOOKMARK [1][-]{section.2.1}{\376\377\000P\000r\000o\000b\000l\000e\000m\000\040\000F\000o\000r\000m\000u\000l\000a\000t\000i\000o\000n}{chapter.2}% 8
\BOOKMARK [1][-]{section.2.2}{\376\377\000F\000e\000n\000c\000h\000e\000l\000\040\000D\000i\000v\000e\000r\000g\000e\000n\000c\000e\000\040\000L\000a\000g\000r\000a\000n\000g\000i\000a\000n\000\040\000R\000e\000l\000a\000x\000a\000t\000i\000o\000n}{chapter.2}% 9
\BOOKMARK [1][-]{section.2.3}{\376\377\000L\000i\000n\000e\000a\000r\000\040\000m\000a\000t\000r\000i\000x\000\040\000i\000n\000e\000q\000u\000a\000l\000i\000t\000y}{chapter.2}% 10
\BOOKMARK [1][-]{section.2.4}{\376\377\000B\000i\000-\000c\000o\000n\000v\000e\000x\000\040\000F\000o\000r\000m\000u\000l\000a\000t\000i\000o\000n}{chapter.2}% 11
\BOOKMARK [0][-]{chapter.3}{\376\377\000L\000e\000a\000r\000n\000i\000n\000g\000\040\000P\000r\000o\000c\000e\000s\000s}{}% 12
\BOOKMARK [0][-]{chapter.4}{\376\377\000G\000r\000a\000d\000i\000e\000n\000t\000\040\000D\000e\000s\000c\000e\000n\000t\000s}{}% 13
\BOOKMARK [1][-]{section.4.1}{\376\377\000B\000i\000-\000C\000o\000n\000v\000e\000x\000i\000t\000y\000\040\000o\000f\000\040\000t\000h\000e\000\040\000L\000o\000s\000s\000\040\000f\000u\000n\000c\000t\000i\000o\000n}{chapter.4}% 14
\BOOKMARK [1][-]{section.4.2}{\376\377\000G\000r\000a\000d\000i\000e\000n\000t\000\040\000D\000e\000s\000c\000e\000n\000t\000s}{chapter.4}% 15
\BOOKMARK [0][-]{chapter.5}{\376\377\000D\000u\000a\000l\000\040\000A\000s\000c\000e\000n\000t\000s}{}% 16
\BOOKMARK [0][-]{chapter.6}{\376\377\000P\000r\000e\000d\000i\000c\000t\000i\000n\000g}{}% 17
\BOOKMARK [0][-]{chapter.7}{\376\377\000E\000x\000a\000m\000p\000l\000e\000s}{}% 18
\BOOKMARK [1][-]{section.7.1}{\376\377\000C\000l\000a\000s\000s\000i\000f\000i\000c\000a\000t\000i\000o\000n\000\040\000:\000\040\000M\000N\000I\000S\000T}{chapter.7}% 19
\BOOKMARK [1][-]{section.7.2}{\376\377\000R\000e\000g\000r\000e\000s\000s\000i\000o\000n\000\040\000:\000\040\000B\000o\000s\000t\000o\000n\000\040\000H\000o\000u\000s\000i\000n\000g}{chapter.7}% 20
\BOOKMARK [0][-]{chapter.8}{\376\377\000C\000i\000t\000i\000n\000g}{}% 21
\BOOKMARK [0][-]{chapter.9}{\376\377\000I\000n\000d\000i\000c\000e\000s\000\040\000a\000n\000d\000\040\000t\000a\000b\000l\000e\000s}{}% 22
\BOOKMARK [0][-]{section*.11}{\376\377\000P\000y\000t\000h\000o\000n\000\040\000M\000o\000d\000u\000l\000e\000\040\000I\000n\000d\000e\000x}{}% 23
\BOOKMARK [0][-]{section*.12}{\376\377\000I\000n\000d\000e\000x}{}% 24
